c:\users\trevor\desktop\game engine (refactored)\pogo_engine\pogo_core\release\vc140.pdb
c:\users\trevor\desktop\game engine (refactored)\pogo_engine\pogo_core\release\window_config.obj
c:\users\trevor\desktop\game engine (refactored)\pogo_engine\pogo_core\release\window.obj
c:\users\trevor\desktop\game engine (refactored)\pogo_engine\pogo_core\release\engine_config.obj
c:\users\trevor\desktop\game engine (refactored)\pogo_engine\pogo_core\release\engine.obj
c:\users\trevor\desktop\game engine (refactored)\middleware\pogo\pogo_core.dll
c:\users\trevor\desktop\game engine (refactored)\middleware\pogo\pogo_core.ipdb
c:\users\trevor\desktop\game engine (refactored)\middleware\pogo\pogo_core.iobj
c:\users\trevor\desktop\game engine (refactored)\middleware\pogo\pogo_core.pdb
c:\users\trevor\desktop\game engine (refactored)\middleware\pogo\pogo_core.lib
c:\users\trevor\desktop\game engine (refactored)\middleware\pogo\pogo_core.exp
c:\users\trevor\desktop\game engine (refactored)\pogo_engine\\..\middleware\pogo\pogo_core.pdb
c:\users\trevor\desktop\game engine (refactored)\pogo_engine\\..\middleware\pogo\pogo_core.dll
c:\users\trevor\desktop\game engine (refactored)\pogo_engine\pogo_core\release\pogo_core.tlog\cl.command.1.tlog
c:\users\trevor\desktop\game engine (refactored)\pogo_engine\pogo_core\release\pogo_core.tlog\cl.read.1.tlog
c:\users\trevor\desktop\game engine (refactored)\pogo_engine\pogo_core\release\pogo_core.tlog\cl.write.1.tlog
c:\users\trevor\desktop\game engine (refactored)\pogo_engine\pogo_core\release\pogo_core.tlog\link.command.1.tlog
c:\users\trevor\desktop\game engine (refactored)\pogo_engine\pogo_core\release\pogo_core.tlog\link.read.1.tlog
c:\users\trevor\desktop\game engine (refactored)\pogo_engine\pogo_core\release\pogo_core.tlog\link.write.1.tlog
c:\users\trevor\desktop\game engine (refactored)\pogo_engine\pogo_core\release\pogo_core.tlog\pogo_core.write.1u.tlog
