c:\users\trevor\desktop\game engine (refactored)\pogo_engine\pogo_core\debug\vc140.pdb
c:\users\trevor\desktop\game engine (refactored)\pogo_engine\pogo_core\debug\vc140.idb
c:\users\trevor\desktop\game engine (refactored)\pogo_engine\pogo_core\debug\engine.obj
c:\users\trevor\desktop\game engine (refactored)\pogo_engine\pogo_core\debug\engine_config.obj
c:\users\trevor\desktop\game engine (refactored)\pogo_engine\pogo_core\debug\window.obj
c:\users\trevor\desktop\game engine (refactored)\pogo_engine\pogo_core\debug\window_config.obj
c:\users\trevor\desktop\game engine (refactored)\middleware\pogo\pogo_core.ilk
c:\users\trevor\desktop\game engine (refactored)\middleware\pogo\pogo_core.dll
c:\users\trevor\desktop\game engine (refactored)\middleware\pogo\pogo_core.pdb
c:\users\trevor\desktop\game engine (refactored)\middleware\pogo\pogo_core.lib
c:\users\trevor\desktop\game engine (refactored)\middleware\pogo\pogo_core.exp
c:\users\trevor\desktop\game engine (refactored)\pogo_engine\\..\middleware\pogo\pogo_core.pdb
c:\users\trevor\desktop\game engine (refactored)\pogo_engine\\..\middleware\pogo\pogo_core.dll
c:\users\trevor\desktop\game engine (refactored)\pogo_engine\\..\middleware\pogo\pogo_core.ilk
c:\users\trevor\desktop\game engine (refactored)\pogo_engine\pogo_core\debug\pogo_core.tlog\cl.command.1.tlog
c:\users\trevor\desktop\game engine (refactored)\pogo_engine\pogo_core\debug\pogo_core.tlog\cl.read.1.tlog
c:\users\trevor\desktop\game engine (refactored)\pogo_engine\pogo_core\debug\pogo_core.tlog\cl.write.1.tlog
c:\users\trevor\desktop\game engine (refactored)\pogo_engine\pogo_core\debug\pogo_core.tlog\link.command.1.tlog
c:\users\trevor\desktop\game engine (refactored)\pogo_engine\pogo_core\debug\pogo_core.tlog\link.read.1.tlog
c:\users\trevor\desktop\game engine (refactored)\pogo_engine\pogo_core\debug\pogo_core.tlog\link.write.1.tlog
c:\users\trevor\desktop\game engine (refactored)\pogo_engine\pogo_core\debug\pogo_core.tlog\pogo_core.write.1u.tlog
