c:\users\trevor\desktop\game engine (refactored)\game engine\objconverter\debug\vc140.pdb
c:\users\trevor\desktop\game engine (refactored)\game engine\objconverter\debug\vc140.idb
c:\users\trevor\desktop\game engine (refactored)\game engine\objconverter\debug\binarywriter.obj
c:\users\trevor\desktop\game engine (refactored)\game engine\objconverter\debug\configreader.obj
c:\users\trevor\desktop\game engine (refactored)\game engine\objconverter\debug\filepath.obj
c:\users\trevor\desktop\game engine (refactored)\game engine\objconverter\debug\gamelogger.obj
c:\users\trevor\desktop\game engine (refactored)\game engine\objconverter\debug\keyvaluepair.obj
c:\users\trevor\desktop\game engine (refactored)\game engine\objconverter\debug\keyvaluepairs.obj
c:\users\trevor\desktop\game engine (refactored)\game engine\objconverter\debug\msgtype.obj
c:\users\trevor\desktop\game engine (refactored)\game engine\objconverter\debug\timestamp.obj
c:\users\trevor\desktop\game engine (refactored)\game engine\objconverter\debug\main.obj
c:\users\trevor\desktop\game engine (refactored)\game engine\objconverter\debug\meshbuilder.obj
c:\users\trevor\desktop\game engine (refactored)\game engine\objconverter\debug\objreader.obj
c:\users\trevor\desktop\game engine (refactored)\game engine\debug\objconverter.ilk
c:\users\trevor\desktop\game engine (refactored)\game engine\debug\objconverter.exe
c:\users\trevor\desktop\game engine (refactored)\game engine\debug\objconverter.pdb
c:\users\trevor\desktop\game engine (refactored)\game engine\objconverter\debug\objconverter.tlog\cl.command.1.tlog
c:\users\trevor\desktop\game engine (refactored)\game engine\objconverter\debug\objconverter.tlog\cl.read.1.tlog
c:\users\trevor\desktop\game engine (refactored)\game engine\objconverter\debug\objconverter.tlog\cl.write.1.tlog
c:\users\trevor\desktop\game engine (refactored)\game engine\objconverter\debug\objconverter.tlog\link.command.1.tlog
c:\users\trevor\desktop\game engine (refactored)\game engine\objconverter\debug\objconverter.tlog\link.read.1.tlog
c:\users\trevor\desktop\game engine (refactored)\game engine\objconverter\debug\objconverter.tlog\link.write.1.tlog
